2025-10-29 09:58:41,894 | INFO | DA VINCI SNIPER BOT INICIADO (DEMO)
2025-10-29 09:58:41,895 | INFO | ✅ operations.json criado
2025-10-29 09:58:41,896 | INFO | ✅ demo_balance.json criado com saldo inicial de $1000.00
2025-10-29 09:58:41,896 | INFO | Configuração: SOL/USDT | Timeframe: 3m | Tamanho: $50 | Alavancagem: 10x
2025-10-29 09:58:41,896 | INFO | Filtros ENTRADA: Volume=False | ADX=True | RSI Long=55 | RSI Short=40
2025-10-29 09:58:41,896 | INFO | Filtros SAÍDA: Stop Loss=0.8% | Take Profit=1.8% | Trailing=0.5%
2025-10-29 09:58:41,896 | INFO | Saída RSI: False (Long:90 Short:10) | Saída ADX: False (25)
2025-10-29 09:58:41,896 | INFO | Saída Tempo: False (60min) | Volume Spike: False (2x)
2025-10-29 09:58:41,910 | INFO | Alavancagem (simulada): 10x (DEMO)
2025-10-29 09:58:41,912 | INFO | Saldo Demo (DEMO): $1000.00
2025-10-29 09:58:46,068 | INFO | [09:58:46] SOL/USDT (3m) | SEM POSICAO | $199.63 | EMA8=199.00 EMA21=198.63 | RSI=80.3 | ADX=35.8 | [NOVO CANDLE]
2025-10-29 09:59:46,348 | INFO | [09:59:46] SOL/USDT (3m) | SEM POSICAO | $199.78 | EMA8=199.03 EMA21=198.65 | RSI=81.9 | ADX=35.9
2025-10-29 10:00:46,635 | INFO | [10:00:46] SOL/USDT (3m) | SEM POSICAO | $199.81 | EMA8=199.21 EMA21=198.75 | RSI=82.2 | ADX=39.6 | [NOVO CANDLE]
2025-10-29 10:01:46,924 | INFO | [10:01:46] SOL/USDT (3m) | SEM POSICAO | $199.73 | EMA8=199.19 EMA21=198.75 | RSI=78.7 | ADX=39.6
2025-10-29 10:02:47,214 | INFO | [10:02:47] SOL/USDT (3m) | SEM POSICAO | $199.92 | EMA8=199.23 EMA21=198.76 | RSI=83.3 | ADX=39.6
2025-10-29 10:03:47,498 | INFO | [10:03:47] SOL/USDT (3m) | SEM POSICAO | $199.70 | EMA8=199.34 EMA21=198.85 | RSI=73.3 | ADX=42.9 | [NOVO CANDLE]
2025-10-29 10:04:47,792 | INFO | [10:04:47] SOL/USDT (3m) | SEM POSICAO | $200.17 | EMA8=199.44 EMA21=198.89 | RSI=85.6 | ADX=43.2
2025-10-29 10:05:48,080 | INFO | [10:05:48] SOL/USDT (3m) | SEM POSICAO | $200.90 | EMA8=199.60 EMA21=198.96 | RSI=89.7 | ADX=43.9
2025-10-29 10:06:48,373 | INFO | [10:06:48] SOL/USDT (3m) | SEM POSICAO | $200.88 | EMA8=199.89 EMA21=199.14 | RSI=87.6 | ADX=47.9 | [NOVO CANDLE]
2025-10-29 10:07:48,657 | INFO | [10:07:48] SOL/USDT (3m) | SEM POSICAO | $200.73 | EMA8=199.86 EMA21=199.12 | RSI=82.4 | ADX=47.9
2025-10-29 10:08:48,944 | INFO | [10:08:48] SOL/USDT (3m) | SEM POSICAO | $200.50 | EMA8=199.81 EMA21=199.10 | RSI=75.5 | ADX=47.9
2025-10-29 10:09:49,242 | INFO | [10:09:49] SOL/USDT (3m) | SEM POSICAO | $200.47 | EMA8=199.98 EMA21=199.24 | RSI=74.0 | ADX=51.5 | [NOVO CANDLE]
2025-10-29 10:10:49,545 | INFO | [10:10:49] SOL/USDT (3m) | SEM POSICAO | $200.67 | EMA8=200.03 EMA21=199.26 | RSI=80.0 | ADX=51.1
2025-10-29 10:11:49,831 | INFO | [10:11:49] SOL/USDT (3m) | SEM POSICAO | $200.58 | EMA8=200.01 EMA21=199.25 | RSI=77.5 | ADX=51.1
2025-10-29 10:12:50,128 | INFO | [10:12:50] SOL/USDT (3m) | SEM POSICAO | $200.56 | EMA8=200.13 EMA21=199.37 | RSI=76.8 | ADX=54.0 | [NOVO CANDLE]
2025-10-29 10:13:50,427 | INFO | [10:13:50] SOL/USDT (3m) | SEM POSICAO | $200.64 | EMA8=200.14 EMA21=199.37 | RSI=77.7 | ADX=54.0
2025-10-29 10:14:50,707 | INFO | [10:14:50] SOL/USDT (3m) | SEM POSICAO | $200.70 | EMA8=200.16 EMA21=199.38 | RSI=78.3 | ADX=54.0
2025-10-29 10:15:50,999 | INFO | [10:15:50] SOL/USDT (3m) | SEM POSICAO | $200.58 | EMA8=200.25 EMA21=199.49 | RSI=73.9 | ADX=56.6 | [NOVO CANDLE]
2025-10-29 10:16:51,288 | INFO | [10:16:51] SOL/USDT (3m) | SEM POSICAO | $201.30 | EMA8=200.41 EMA21=199.55 | RSI=83.3 | ADX=57.1
2025-10-29 10:17:51,588 | INFO | [10:17:51] SOL/USDT (3m) | SEM POSICAO | $201.51 | EMA8=200.46 EMA21=199.57 | RSI=84.5 | ADX=57.3
2025-10-29 10:18:51,881 | INFO | [10:18:51] SOL/USDT (3m) | SEM POSICAO | $201.41 | EMA8=200.67 EMA21=199.74 | RSI=81.5 | ADX=60.2 | [NOVO CANDLE]
2025-10-29 10:19:52,173 | INFO | [10:19:52] SOL/USDT (3m) | SEM POSICAO | $201.15 | EMA8=200.61 EMA21=199.71 | RSI=74.1 | ADX=60.2
2025-10-29 10:20:52,459 | INFO | [10:20:52] SOL/USDT (3m) | SEM POSICAO | $201.13 | EMA8=200.61 EMA21=199.71 | RSI=73.6 | ADX=60.2
2025-10-29 10:21:52,746 | INFO | [10:21:52] SOL/USDT (3m) | SEM POSICAO | $201.23 | EMA8=200.75 EMA21=199.85 | RSI=75.0 | ADX=62.9 | [NOVO CANDLE]
2025-10-29 10:22:53,038 | INFO | [10:22:53] SOL/USDT (3m) | SEM POSICAO | $201.24 | EMA8=200.75 EMA21=199.85 | RSI=75.1 | ADX=62.9
2025-10-29 10:23:53,331 | INFO | [10:23:53] SOL/USDT (3m) | SEM POSICAO | $201.32 | EMA8=200.77 EMA21=199.86 | RSI=75.9 | ADX=62.9
2025-10-29 10:24:53,620 | INFO | [10:24:53] SOL/USDT (3m) | SEM POSICAO | $201.44 | EMA8=200.94 EMA21=200.01 | RSI=76.9 | ADX=65.3 | [NOVO CANDLE]
2025-10-29 10:25:53,909 | INFO | [10:25:53] SOL/USDT (3m) | SEM POSICAO | $201.39 | EMA8=200.92 EMA21=200.01 | RSI=75.8 | ADX=65.3
2025-10-29 10:26:54,207 | INFO | [10:26:54] SOL/USDT (3m) | SEM POSICAO | $201.33 | EMA8=200.91 EMA21=200.00 | RSI=74.0 | ADX=65.3
2025-10-29 10:27:54,487 | INFO | [10:27:54] SOL/USDT (3m) | SEM POSICAO | $201.11 | EMA8=200.97 EMA21=200.11 | RSI=67.3 | ADX=65.5 | [NOVO CANDLE]
2025-10-29 10:28:54,769 | INFO | [10:28:54] SOL/USDT (3m) | SEM POSICAO | $201.23 | EMA8=201.00 EMA21=200.12 | RSI=70.7 | ADX=65.5
2025-10-29 10:29:55,093 | INFO | [10:29:55] SOL/USDT (3m) | SEM POSICAO | $201.13 | EMA8=200.97 EMA21=200.11 | RSI=67.8 | ADX=65.5
2025-10-29 10:30:55,422 | INFO | [10:30:55] SOL/USDT (3m) | SEM POSICAO | $200.85 | EMA8=200.95 EMA21=200.18 | RSI=60.2 | ADX=63.6 | [NOVO CANDLE]
2025-10-29 10:31:55,895 | INFO | [10:31:55] SOL/USDT (3m) | SEM POSICAO | $200.94 | EMA8=200.97 EMA21=200.19 | RSI=62.5 | ADX=63.6
2025-10-29 10:32:56,517 | INFO | [10:32:56] SOL/USDT (3m) | SEM POSICAO | $200.88 | EMA8=200.95 EMA21=200.18 | RSI=60.9 | ADX=63.6
2025-10-29 10:33:56,816 | INFO | [10:33:56] SOL/USDT (3m) | SEM POSICAO | $200.62 | EMA8=200.88 EMA21=200.22 | RSI=54.4 | ADX=60.6 | [NOVO CANDLE]
2025-10-29 10:34:57,180 | INFO | [10:34:57] SOL/USDT (3m) | SEM POSICAO | $199.86 | EMA8=200.71 EMA21=200.15 | RSI=41.5 | ADX=57.5
2025-10-29 10:35:57,495 | INFO | [10:35:57] SOL/USDT (3m) | SEM POSICAO | $200.09 | EMA8=200.76 EMA21=200.18 | RSI=44.7 | ADX=57.6
2025-10-29 10:36:57,779 | INFO | [10:36:57] SOL/USDT (3m) | SEM POSICAO | $199.73 | EMA8=200.52 EMA21=200.13 | RSI=39.5 | ADX=52.7 | [NOVO CANDLE]
2025-10-29 10:37:58,197 | INFO | [10:37:58] SOL/USDT (3m) | SEM POSICAO | $199.26 | EMA8=200.42 EMA21=200.09 | RSI=34.2 | ADX=54.4
2025-10-29 10:38:58,486 | INFO | [10:38:58] SOL/USDT (3m) | SEM POSICAO | $199.51 | EMA8=200.47 EMA21=200.11 | RSI=36.8 | ADX=54.4
2025-10-29 10:39:58,779 | INFO | [10:39:58] SOL/USDT (3m) | SEM POSICAO | $199.31 | EMA8=200.22 EMA21=200.04 | RSI=34.3 | ADX=51.5 | [NOVO CANDLE]
2025-10-29 10:40:59,068 | INFO | [10:40:59] SOL/USDT (3m) | SEM POSICAO | $199.39 | EMA8=200.24 EMA21=200.05 | RSI=35.3 | ADX=51.5
2025-10-29 10:41:59,354 | INFO | [10:41:59] SOL/USDT (3m) | SEM POSICAO | $199.73 | EMA8=200.32 EMA21=200.08 | RSI=41.0 | ADX=51.5
2025-10-29 10:43:00,115 | INFO | [10:43:00] SOL/USDT (3m) | SEM POSICAO | $200.01 | EMA8=200.24 EMA21=200.07 | RSI=46.6 | ADX=46.7 | [NOVO CANDLE]
2025-10-29 10:44:00,399 | INFO | [10:44:00] SOL/USDT (3m) | SEM POSICAO | $199.90 | EMA8=200.22 EMA21=200.06 | RSI=44.6 | ADX=46.7
2025-10-29 10:45:00,720 | INFO | [10:45:00] SOL/USDT (3m) | SEM POSICAO | $200.24 | EMA8=200.30 EMA21=200.09 | RSI=50.5 | ADX=46.7
2025-10-29 10:46:01,012 | INFO | [10:46:01] SOL/USDT (3m) | SEM POSICAO | $199.72 | EMA8=200.17 EMA21=200.06 | RSI=42.6 | ADX=42.3 | [NOVO CANDLE]
2025-10-29 10:47:01,331 | INFO | [10:47:01] SOL/USDT (3m) | SEM POSICAO | $200.15 | EMA8=200.26 EMA21=200.10 | RSI=48.9 | ADX=42.3
2025-10-29 10:48:01,620 | INFO | [10:48:01] SOL/USDT (3m) | SEM POSICAO | $199.80 | EMA8=200.19 EMA21=200.06 | RSI=43.7 | ADX=42.3
2025-10-29 10:49:01,908 | INFO | [10:49:01] SOL/USDT (3m) | SEM POSICAO | $199.78 | EMA8=200.08 EMA21=200.03 | RSI=43.8 | ADX=38.5 | [NOVO CANDLE]
2025-10-29 10:50:02,212 | INFO | [10:50:02] SOL/USDT (3m) | SEM POSICAO | $200.28 | EMA8=200.19 EMA21=200.08 | RSI=51.7 | ADX=38.5
2025-10-29 10:51:02,499 | INFO | [10:51:02] SOL/USDT (3m) | SEM POSICAO | $200.20 | EMA8=200.17 EMA21=200.07 | RSI=50.6 | ADX=38.5
2025-10-29 10:52:02,780 | INFO | [10:52:02] SOL/USDT (3m) | SEM POSICAO | $200.90 | EMA8=200.33 EMA21=200.15 | RSI=59.8 | ADX=37.0 | [NOVO CANDLE]
2025-10-29 10:53:03,071 | INFO | [10:53:03] SOL/USDT (3m) | SEM POSICAO | $201.06 | EMA8=200.37 EMA21=200.16 | RSI=61.4 | ADX=37.0
2025-10-29 10:54:03,365 | INFO | [10:54:03] SOL/USDT (3m) | SEM POSICAO | $200.21 | EMA8=200.18 EMA21=200.09 | RSI=50.8 | ADX=35.7 | [NOVO CANDLE]
2025-10-29 10:55:03,655 | INFO | [10:55:03] SOL/USDT (3m) | SEM POSICAO | $200.33 | EMA8=200.21 EMA21=200.10 | RSI=52.9 | ADX=35.7
2025-10-29 10:56:03,948 | INFO | [10:56:03] SOL/USDT (3m) | SEM POSICAO | $200.14 | EMA8=200.17 EMA21=200.09 | RSI=49.6 | ADX=35.7
2025-10-29 10:57:04,235 | INFO | [10:57:04] SOL/USDT (3m) | SEM POSICAO | $200.59 | EMA8=200.32 EMA21=200.16 | RSI=56.9 | ADX=34.6 | [NOVO CANDLE]
2025-10-29 10:58:04,523 | INFO | [10:58:04] SOL/USDT (3m) | SEM POSICAO | $200.69 | EMA8=200.34 EMA21=200.17 | RSI=58.4 | ADX=35.4
2025-10-29 10:59:04,812 | INFO | [10:59:04] SOL/USDT (3m) | SEM POSICAO | $200.42 | EMA8=200.28 EMA21=200.14 | RSI=53.9 | ADX=35.4
2025-10-29 11:00:05,097 | INFO | [11:00:05] SOL/USDT (3m) | SEM POSICAO | $200.70 | EMA8=200.42 EMA21=200.21 | RSI=58.6 | ADX=35.3 | [NOVO CANDLE]
2025-10-29 11:01:05,384 | INFO | [11:01:05] SOL/USDT (3m) | SEM POSICAO | $200.75 | EMA8=200.43 EMA21=200.22 | RSI=59.4 | ADX=35.3
2025-10-29 11:02:05,669 | INFO | [11:02:05] SOL/USDT (3m) | SEM POSICAO | $200.35 | EMA8=200.34 EMA21=200.18 | RSI=51.8 | ADX=34.2
2025-10-29 11:03:05,957 | INFO | [11:03:05] SOL/USDT (3m) | SEM POSICAO | $199.88 | EMA8=200.23 EMA21=200.14 | RSI=44.5 | ADX=33.2
2025-10-29 11:04:06,254 | INFO | [SINAL] CROSSOVER=False CROSSUNDER=True | RSI=36.4 | Vol=True | ADX=True
2025-10-29 11:04:06,254 | INFO | [11:04:06] SOL/USDT (3m) | SEM POSICAO | $199.23 | EMA8=200.01 EMA21=200.06 | RSI=36.4 | ADX=31.2 | [NOVO CANDLE]
2025-10-29 11:04:06,255 | WARNING | *** CROSSUNDER (SHORT) *** EMA8 < EMA21 | Preço: $199.23
2025-10-29 11:04:06,255 | WARNING | >>> ENTRADA SHORT <<< Preço: $199.23 | RSI: 36.4
2025-10-29 11:04:06,557 | INFO | [DEMO] Simulando entrada - Nenhuma ordem real executada
2025-10-29 11:04:06,564 | INFO | ENTRADA SHORT (DEMO) | Preço: $199.36 | Qtd: 2.508026
2025-10-29 11:05:13,091 | INFO | [11:05:13] SOL/USDT (3m) | POSICAO: SHORT PnL: $+0.35 (+0.07%) | $199.38 | EMA8=200.05 EMA21=200.07 | RSI=38.0 | ADX=31.2
2025-10-29 11:05:13,091 | WARNING | *** CROSSUNDER (SHORT) *** EMA8 < EMA21 | Preço: $199.38
2025-10-29 11:06:18,159 | INFO | [11:06:18] SOL/USDT (3m) | POSICAO: SHORT PnL: $-0.25 (-0.05%) | $199.35 | EMA8=199.88 EMA21=200.00 | RSI=38.0 | ADX=29.4 | [NOVO CANDLE]
2025-10-29 11:07:23,004 | INFO | [11:07:23] SOL/USDT (3m) | POSICAO: SHORT PnL: $+0.03 (+0.01%) | $200.02 | EMA8=200.03 EMA21=200.06 | RSI=48.8 | ADX=29.1
2025-10-29 11:07:23,004 | INFO | [CHECK] SHORT | Entry: $199.36 | Current: $200.02 | PnL: $-1.66
2025-10-29 11:07:23,004 | INFO | [CHECK] Stop: $200.95 | TP: $195.77 | Trail: $199.91 | Lowest: $198.92
2025-10-29 11:07:23,004 | WARNING | [SAÍDA SHORT] Trailing Stop: $200.02 >= $199.91
2025-10-29 11:07:23,279 | INFO | [DEMO] Saldo atualizado: $998.45 (PnL: $-1.55)
2025-10-29 11:07:23,281 | INFO | SAÍDA SHORT (DEMO) | Trailing Stop: $200.02 >= $199.91 | PnL: -0.31% | Preço: $199.98
2025-10-29 11:08:27,737 | INFO | [11:08:27] SOL/USDT (3m) | SEM POSICAO | $199.61 | EMA8=199.94 EMA21=200.03 | RSI=42.7 | ADX=29.1
2025-10-29 11:09:33,611 | INFO | [11:09:33] SOL/USDT (3m) | SEM POSICAO | $200.00 | EMA8=199.98 EMA21=200.04 | RSI=48.9 | ADX=27.2 | [NOVO CANDLE]
2025-10-29 11:10:39,432 | INFO | [11:10:39] SOL/USDT (3m) | SEM POSICAO | $200.08 | EMA8=200.00 EMA21=200.04 | RSI=50.1 | ADX=26.5
2025-10-29 11:11:44,420 | INFO | [11:11:44] SOL/USDT (3m) | SEM POSICAO | $200.10 | EMA8=200.01 EMA21=200.05 | RSI=50.3 | ADX=26.3
2025-10-29 11:12:49,266 | INFO | [11:12:49] SOL/USDT (3m) | SEM POSICAO | $199.67 | EMA8=199.90 EMA21=200.00 | RSI=43.9 | ADX=24.6 | [NOVO CANDLE]
2025-10-29 11:13:53,691 | INFO | [11:13:53] SOL/USDT (3m) | SEM POSICAO | $200.16 | EMA8=200.00 EMA21=200.04 | RSI=51.6 | ADX=24.6
2025-10-29 11:14:59,005 | INFO | [11:14:59] SOL/USDT (3m) | SEM POSICAO | $200.01 | EMA8=199.97 EMA21=200.03 | RSI=49.3 | ADX=24.6
2025-10-29 11:16:04,560 | INFO | [11:16:04] SOL/USDT (3m) | SEM POSICAO | $200.33 | EMA8=200.05 EMA21=200.05 | RSI=54.6 | ADX=22.3 | [NOVO CANDLE]
2025-10-29 11:17:09,874 | INFO | [11:17:09] SOL/USDT (3m) | SEM POSICAO | $200.04 | EMA8=199.99 EMA21=200.03 | RSI=49.8 | ADX=22.3
2025-10-29 11:18:15,431 | INFO | [11:18:15] SOL/USDT (3m) | SEM POSICAO | $199.55 | EMA8=199.82 EMA21=199.95 | RSI=42.0 | ADX=20.5 | [NOVO CANDLE]
2025-10-29 11:19:20,423 | INFO | [11:19:20] SOL/USDT (3m) | SEM POSICAO | $199.15 | EMA8=199.73 EMA21=199.91 | RSI=36.8 | ADX=21.8
2025-10-29 11:20:25,292 | INFO | [11:20:25] SOL/USDT (3m) | SEM POSICAO | $199.10 | EMA8=199.72 EMA21=199.91 | RSI=36.3 | ADX=21.8
2025-10-29 11:21:30,408 | INFO | [11:21:30] SOL/USDT (3m) | SEM POSICAO | $199.38 | EMA8=199.69 EMA21=199.88 | RSI=39.6 | ADX=21.4 | [NOVO CANDLE]
2025-10-29 11:22:35,648 | INFO | [11:22:35] SOL/USDT (3m) | SEM POSICAO | $199.47 | EMA8=199.71 EMA21=199.89 | RSI=41.5 | ADX=21.4
2025-10-29 11:23:40,093 | INFO | [11:23:40] SOL/USDT (3m) | SEM POSICAO | $199.14 | EMA8=199.64 EMA21=199.86 | RSI=36.4 | ADX=21.3
2025-10-29 11:24:44,561 | INFO | [11:24:44] SOL/USDT (3m) | SEM POSICAO | $199.21 | EMA8=199.57 EMA21=199.81 | RSI=37.1 | ADX=20.7 | [NOVO CANDLE]
2025-10-29 11:25:50,202 | INFO | [11:25:50] SOL/USDT (3m) | SEM POSICAO | $199.21 | EMA8=199.57 EMA21=199.81 | RSI=37.1 | ADX=20.7
2025-10-29 11:26:54,641 | INFO | [11:26:54] SOL/USDT (3m) | SEM POSICAO | $199.50 | EMA8=199.63 EMA21=199.84 | RSI=43.3 | ADX=20.7
2025-10-29 11:27:59,047 | INFO | [11:27:59] SOL/USDT (3m) | SEM POSICAO | $199.46 | EMA8=199.57 EMA21=199.80 | RSI=42.6 | ADX=20.3 | [NOVO CANDLE]
2025-10-29 11:29:03,701 | INFO | [11:29:03] SOL/USDT (3m) | SEM POSICAO | $198.93 | EMA8=199.45 EMA21=199.75 | RSI=33.9 | ADX=21.1
2025-10-29 11:30:08,766 | INFO | [11:30:08] SOL/USDT (3m) | SEM POSICAO | $198.70 | EMA8=199.27 EMA21=199.64 | RSI=31.1 | ADX=22.2 | [NOVO CANDLE]
2025-10-29 11:31:13,855 | INFO | [11:31:13] SOL/USDT (3m) | SEM POSICAO | $198.76 | EMA8=199.28 EMA21=199.65 | RSI=31.8 | ADX=22.3
2025-10-29 11:32:18,959 | INFO | [11:32:18] SOL/USDT (3m) | SEM POSICAO | $198.82 | EMA8=199.29 EMA21=199.65 | RSI=32.6 | ADX=22.3
2025-10-29 11:33:24,646 | INFO | [11:33:24] SOL/USDT (3m) | SEM POSICAO | $198.79 | EMA8=199.21 EMA21=199.59 | RSI=33.8 | ADX=23.1 | [NOVO CANDLE]
2025-10-29 11:34:29,340 | INFO | [11:34:29] SOL/USDT (3m) | SEM POSICAO | $199.34 | EMA8=199.33 EMA21=199.64 | RSI=45.0 | ADX=22.0
2025-10-29 11:35:34,114 | INFO | [11:35:34] SOL/USDT (3m) | SEM POSICAO | $199.43 | EMA8=199.35 EMA21=199.65 | RSI=46.7 | ADX=21.7
2025-10-29 11:36:39,063 | INFO | [11:36:39] SOL/USDT (3m) | SEM POSICAO | $199.65 | EMA8=199.43 EMA21=199.65 | RSI=50.8 | ADX=19.8 | [NOVO CANDLE]
2025-10-29 11:37:44,073 | INFO | [11:37:44] SOL/USDT (3m) | SEM POSICAO | $199.67 | EMA8=199.44 EMA21=199.66 | RSI=51.2 | ADX=19.5
2025-10-29 11:38:49,011 | INFO | [11:38:49] SOL/USDT (3m) | SEM POSICAO | $199.68 | EMA8=199.44 EMA21=199.66 | RSI=51.3 | ADX=19.3
2025-10-29 11:39:53,398 | INFO | [11:39:53] SOL/USDT (3m) | SEM POSICAO | $199.69 | EMA8=199.50 EMA21=199.66 | RSI=51.4 | ADX=17.5 | [NOVO CANDLE]
2025-10-29 11:40:58,809 | INFO | [11:40:58] SOL/USDT (3m) | SEM POSICAO | $199.67 | EMA8=199.50 EMA21=199.66 | RSI=51.0 | ADX=17.4
2025-10-29 11:42:03,854 | INFO | [11:42:03] SOL/USDT (3m) | SEM POSICAO | $199.78 | EMA8=199.58 EMA21=199.68 | RSI=53.1 | ADX=15.8 | [NOVO CANDLE]
2025-10-29 11:43:08,246 | INFO | [11:43:08] SOL/USDT (3m) | SEM POSICAO | $199.82 | EMA8=199.59 EMA21=199.69 | RSI=54.0 | ADX=15.8
2025-10-29 11:44:13,315 | INFO | [11:44:13] SOL/USDT (3m) | SEM POSICAO | $199.80 | EMA8=199.59 EMA21=199.68 | RSI=53.6 | ADX=15.8
2025-10-29 11:45:19,078 | INFO | [11:45:19] SOL/USDT (3m) | SEM POSICAO | $199.85 | EMA8=199.64 EMA21=199.69 | RSI=54.6 | ADX=14.4 | [NOVO CANDLE]
2025-10-29 11:46:25,568 | INFO | [11:46:25] SOL/USDT (3m) | SEM POSICAO | $200.28 | EMA8=199.73 EMA21=199.73 | RSI=62.2 | ADX=16.4
2025-10-29 11:47:31,331 | INFO | [SINAL] CROSSOVER=True CROSSUNDER=False | RSI=63.6 | Vol=True | ADX=False
2025-10-29 11:47:31,332 | INFO | [BLOQUEADO] Sinal filtrado | RSI=63.6 | Vol=True | ADX=False
2025-10-29 11:47:31,333 | INFO | [11:47:31] SOL/USDT (3m) | SEM POSICAO | $200.38 | EMA8=199.75 EMA21=199.74 | RSI=63.6 | ADX=16.4
2025-10-29 11:47:31,333 | WARNING | *** CROSSOVER (LONG) *** EMA8 > EMA21 | Preço: $200.38
2025-10-29 11:48:36,357 | INFO | [11:48:36] SOL/USDT (3m) | SEM POSICAO | $200.74 | EMA8=199.97 EMA21=199.83 | RSI=68.4 | ADX=18.0 | [NOVO CANDLE]
2025-10-29 11:49:44,008 | INFO | [11:49:44] SOL/USDT (3m) | SEM POSICAO | $200.28 | EMA8=199.87 EMA21=199.79 | RSI=61.1 | ADX=18.0
2025-10-29 11:50:49,286 | INFO | [11:50:49] SOL/USDT (3m) | SEM POSICAO | $199.75 | EMA8=199.75 EMA21=199.74 | RSI=50.3 | ADX=18.0
2025-10-29 11:51:54,318 | INFO | [11:51:54] SOL/USDT (3m) | SEM POSICAO | $200.06 | EMA8=199.84 EMA21=199.78 | RSI=55.7 | ADX=19.4 | [NOVO CANDLE]
2025-10-29 11:53:00,077 | INFO | [11:53:00] SOL/USDT (3m) | SEM POSICAO | $200.25 | EMA8=199.88 EMA21=199.80 | RSI=58.6 | ADX=19.4
2025-10-29 11:54:04,691 | INFO | [11:54:04] SOL/USDT (3m) | SEM POSICAO | $200.26 | EMA8=199.97 EMA21=199.84 | RSI=58.7 | ADX=20.7 | [NOVO CANDLE]
2025-10-29 11:55:10,245 | INFO | [11:55:10] SOL/USDT (3m) | SEM POSICAO | $199.81 | EMA8=199.87 EMA21=199.80 | RSI=50.1 | ADX=20.4
2025-10-29 11:56:14,723 | INFO | [11:56:14] SOL/USDT (3m) | SEM POSICAO | $199.58 | EMA8=199.82 EMA21=199.78 | RSI=46.6 | ADX=19.0
2025-10-29 11:57:20,627 | INFO | [11:57:20] SOL/USDT (3m) | SEM POSICAO | $199.97 | EMA8=199.92 EMA21=199.83 | RSI=52.9 | ADX=18.7 | [NOVO CANDLE]
2025-10-29 11:58:24,938 | INFO | [11:58:24] SOL/USDT (3m) | SEM POSICAO | $199.93 | EMA8=199.91 EMA21=199.82 | RSI=52.1 | ADX=18.7
2025-10-29 11:59:29,650 | INFO | [11:59:29] SOL/USDT (3m) | SEM POSICAO | $199.86 | EMA8=199.89 EMA21=199.82 | RSI=50.7 | ADX=18.7
2025-10-29 12:08:52,271 | INFO | DA VINCI SNIPER BOT INICIADO (DEMO)
2025-10-29 12:08:52,272 | INFO | Configuração: SOL/USDT | Timeframe: 3m | Tamanho: $50 | Alavancagem: 10x
2025-10-29 12:08:52,272 | INFO | Filtros ENTRADA: Volume=False | ADX=True | RSI Long=55 | RSI Short=40
2025-10-29 12:08:52,272 | INFO | Filtros SAÍDA: Stop Loss=0.8% | Take Profit=1.8% | Trailing=0.5%
2025-10-29 12:08:52,272 | INFO | Saída RSI: False (Long:90 Short:10) | Saída ADX: False (25)
2025-10-29 12:08:52,272 | INFO | Saída Tempo: False (60min) | Volume Spike: False (2x)
2025-10-29 12:08:52,273 | WARNING | Encontradas 1 operações abertas ao iniciar. Limpando estado...
2025-10-29 12:08:52,273 | INFO | Operação limpa: SHORT SOL/USDT | PnL: $-1.23 (-0.25%)
2025-10-29 12:08:52,274 | INFO | Estado das operações limpo com sucesso!
2025-10-29 12:08:52,275 | INFO | Alavancagem (simulada): 10x (DEMO)
2025-10-29 12:08:52,275 | INFO | Saldo Demo (DEMO): $998.45
2025-10-29 12:08:56,342 | INFO | [12:08:56] SOL/USDT (3m) | SEM POSICAO | $199.92 | EMA8=199.96 EMA21=199.87 | RSI=50.9 | ADX=19.0 | [NOVO CANDLE]
2025-10-29 12:09:56,630 | INFO | [12:09:56] SOL/USDT (3m) | SEM POSICAO | $200.01 | EMA8=199.95 EMA21=199.87 | RSI=53.1 | ADX=18.6 | [NOVO CANDLE]
2025-10-29 12:10:56,917 | INFO | [12:10:56] SOL/USDT (3m) | SEM POSICAO | $199.76 | EMA8=199.89 EMA21=199.85 | RSI=47.3 | ADX=18.4
2025-10-29 12:11:57,197 | INFO | [12:11:57] SOL/USDT (3m) | SEM POSICAO | $199.88 | EMA8=199.92 EMA21=199.86 | RSI=50.2 | ADX=18.1
2025-10-29 12:12:57,478 | INFO | [12:12:57] SOL/USDT (3m) | SEM POSICAO | $199.82 | EMA8=199.89 EMA21=199.86 | RSI=48.7 | ADX=17.3 | [NOVO CANDLE]
2025-10-29 12:13:57,764 | INFO | [12:13:57] SOL/USDT (3m) | SEM POSICAO | $199.77 | EMA8=199.88 EMA21=199.85 | RSI=47.4 | ADX=16.9
2025-10-29 12:14:58,056 | INFO | [SINAL] CROSSOVER=False CROSSUNDER=True | RSI=40.6 | Vol=True | ADX=False
2025-10-29 12:14:58,056 | INFO | [BLOQUEADO] Sinal filtrado | RSI=40.6 | Vol=True | ADX=False
2025-10-29 12:14:58,056 | INFO | [12:14:58] SOL/USDT (3m) | SEM POSICAO | $199.44 | EMA8=199.81 EMA21=199.82 | RSI=40.6 | ADX=16.3
2025-10-29 12:14:58,056 | WARNING | *** CROSSUNDER (SHORT) *** EMA8 < EMA21 | Preço: $199.44
2025-10-29 12:15:58,344 | INFO | [12:15:58] SOL/USDT (3m) | SEM POSICAO | $199.11 | EMA8=199.64 EMA21=199.75 | RSI=35.0 | ADX=16.7 | [NOVO CANDLE]
2025-10-29 12:16:58,629 | INFO | [12:16:58] SOL/USDT (3m) | SEM POSICAO | $199.53 | EMA8=199.73 EMA21=199.79 | RSI=43.8 | ADX=16.7
